<?xml version="1.0" encoding="UTF-8"?>
<testsuite name="com.jy.prac.springboot.web.PostsApiControllerTest" tests="2" skipped="0" failures="0" errors="0" timestamp="2021-05-29T03:59:04" hostname="DESKTOP-3VD91IT" time="0.084">
  <properties/>
  <testcase name="Posts_등록된다" classname="com.jy.prac.springboot.web.PostsApiControllerTest" time="0.052"/>
  <testcase name="Posts_수정된다" classname="com.jy.prac.springboot.web.PostsApiControllerTest" time="0.031"/>
  <system-out><![CDATA[2021-05-29 12:59:04.463  INFO 19068 --- [    Test worker] .b.t.c.SpringBootTestContextBootstrapper : Neither @ContextConfiguration nor @ContextHierarchy found for test class [com.jy.prac.springboot.web.PostsApiControllerTest], using SpringBootContextLoader
2021-05-29 12:59:04.464  INFO 19068 --- [    Test worker] o.s.t.c.support.AbstractContextLoader    : Could not detect default resource locations for test class [com.jy.prac.springboot.web.PostsApiControllerTest]: no resource found for suffixes {-context.xml, Context.groovy}.
2021-05-29 12:59:04.464  INFO 19068 --- [    Test worker] t.c.s.AnnotationConfigContextLoaderUtils : Could not detect default configuration classes for test class [com.jy.prac.springboot.web.PostsApiControllerTest]: PostsApiControllerTest does not declare any static, non-private, non-final, nested classes annotated with @Configuration.
2021-05-29 12:59:04.466  INFO 19068 --- [    Test worker] .b.t.c.SpringBootTestContextBootstrapper : Found @SpringBootConfiguration com.jy.prac.springboot.Application for test class com.jy.prac.springboot.web.PostsApiControllerTest
2021-05-29 12:59:04.467  INFO 19068 --- [    Test worker] .b.t.c.SpringBootTestContextBootstrapper : Loaded default TestExecutionListener class names from location [META-INF/spring.factories]: [org.springframework.security.test.context.support.WithSecurityContextTestExecutionListener, org.springframework.security.test.context.support.ReactorContextTestExecutionListener, org.springframework.boot.test.autoconfigure.restdocs.RestDocsTestExecutionListener, org.springframework.boot.test.autoconfigure.web.client.MockRestServiceServerResetTestExecutionListener, org.springframework.boot.test.autoconfigure.web.servlet.MockMvcPrintOnlyOnFailureTestExecutionListener, org.springframework.boot.test.autoconfigure.web.servlet.WebDriverTestExecutionListener, org.springframework.boot.test.mock.mockito.MockitoTestExecutionListener, org.springframework.boot.test.mock.mockito.ResetMocksTestExecutionListener, org.springframework.test.context.web.ServletTestExecutionListener, org.springframework.test.context.support.DirtiesContextBeforeModesTestExecutionListener, org.springframework.test.context.support.DependencyInjectionTestExecutionListener, org.springframework.test.context.support.DirtiesContextTestExecutionListener, org.springframework.test.context.transaction.TransactionalTestExecutionListener, org.springframework.test.context.jdbc.SqlScriptsTestExecutionListener]
2021-05-29 12:59:04.468  INFO 19068 --- [    Test worker] .b.t.c.SpringBootTestContextBootstrapper : Using TestExecutionListeners: [org.springframework.test.context.web.ServletTestExecutionListener@5e5d6cf4, org.springframework.test.context.support.DirtiesContextBeforeModesTestExecutionListener@3eab7da4, org.springframework.boot.test.mock.mockito.MockitoTestExecutionListener@6b673125, org.springframework.boot.test.autoconfigure.SpringBootDependencyInjectionTestExecutionListener@7f707e42, org.springframework.test.context.support.DirtiesContextTestExecutionListener@4aff8794, org.springframework.test.context.transaction.TransactionalTestExecutionListener@2f5c8532, org.springframework.test.context.jdbc.SqlScriptsTestExecutionListener@7de077e5, org.springframework.security.test.context.support.WithSecurityContextTestExecutionListener@19e9475, org.springframework.security.test.context.support.ReactorContextTestExecutionListener@376b60f5, org.springframework.boot.test.autoconfigure.restdocs.RestDocsTestExecutionListener@7cd5163f, org.springframework.boot.test.autoconfigure.web.client.MockRestServiceServerResetTestExecutionListener@2f4191f, org.springframework.boot.test.autoconfigure.web.servlet.MockMvcPrintOnlyOnFailureTestExecutionListener@77bc1808, org.springframework.boot.test.autoconfigure.web.servlet.WebDriverTestExecutionListener@1b3cb2c2, org.springframework.boot.test.mock.mockito.ResetMocksTestExecutionListener@4f8c2b74]
2021-05-29 12:59:04.475  INFO 19068 --- [    Test worker] o.a.c.c.C.[Tomcat].[localhost].[/]       : Initializing Spring TestDispatcherServlet ''
2021-05-29 12:59:04.475  INFO 19068 --- [    Test worker] o.s.t.web.servlet.TestDispatcherServlet  : Initializing Servlet ''
2021-05-29 12:59:04.477  INFO 19068 --- [    Test worker] o.s.t.web.servlet.TestDispatcherServlet  : Completed initialization in 2 ms
Hibernate: select next_val as id_val from hibernate_sequence for update
Hibernate: update hibernate_sequence set next_val= ? where next_val=?
Hibernate: insert into posts (created_date, modified_date, author, content, title, id) values (?, ?, ?, ?, ?, ?)
Hibernate: select posts0_.id as id1_0_, posts0_.created_date as created_2_0_, posts0_.modified_date as modified3_0_, posts0_.author as author4_0_, posts0_.content as content5_0_, posts0_.title as title6_0_ from posts posts0_
Hibernate: select posts0_.id as id1_0_, posts0_.created_date as created_2_0_, posts0_.modified_date as modified3_0_, posts0_.author as author4_0_, posts0_.content as content5_0_, posts0_.title as title6_0_ from posts posts0_
Hibernate: delete from posts where id=?
2021-05-29 12:59:04.527  INFO 19068 --- [    Test worker] o.a.c.c.C.[Tomcat].[localhost].[/]       : Initializing Spring TestDispatcherServlet ''
2021-05-29 12:59:04.527  INFO 19068 --- [    Test worker] o.s.t.web.servlet.TestDispatcherServlet  : Initializing Servlet ''
2021-05-29 12:59:04.530  INFO 19068 --- [    Test worker] o.s.t.web.servlet.TestDispatcherServlet  : Completed initialization in 3 ms
Hibernate: select next_val as id_val from hibernate_sequence for update
Hibernate: update hibernate_sequence set next_val= ? where next_val=?
Hibernate: insert into posts (created_date, modified_date, author, content, title, id) values (?, ?, ?, ?, ?, ?)
Hibernate: select posts0_.id as id1_0_0_, posts0_.created_date as created_2_0_0_, posts0_.modified_date as modified3_0_0_, posts0_.author as author4_0_0_, posts0_.content as content5_0_0_, posts0_.title as title6_0_0_ from posts posts0_ where posts0_.id=?
Hibernate: update posts set created_date=?, modified_date=?, author=?, content=?, title=? where id=?
Hibernate: select posts0_.id as id1_0_, posts0_.created_date as created_2_0_, posts0_.modified_date as modified3_0_, posts0_.author as author4_0_, posts0_.content as content5_0_, posts0_.title as title6_0_ from posts posts0_
Hibernate: select posts0_.id as id1_0_, posts0_.created_date as created_2_0_, posts0_.modified_date as modified3_0_, posts0_.author as author4_0_, posts0_.content as content5_0_, posts0_.title as title6_0_ from posts posts0_
Hibernate: delete from posts where id=?
]]></system-out>
  <system-err><![CDATA[]]></system-err>
</testsuite>
