<?xml version="1.0" encoding="UTF-8"?>
<testsuite name="com.jy.prac.springboot.web.HelloControllerTest" tests="2" skipped="0" failures="0" errors="0" timestamp="2021-05-29T03:59:02" hostname="DESKTOP-3VD91IT" time="0.119">
  <properties/>
  <testcase name="hello가_리턴된다" classname="com.jy.prac.springboot.web.HelloControllerTest" time="0.052"/>
  <testcase name="helloDto가_리턴된다" classname="com.jy.prac.springboot.web.HelloControllerTest" time="0.066"/>
  <system-out><![CDATA[2021-05-29 12:59:01.769  INFO 19068 --- [    Test worker] .b.t.a.w.s.WebMvcTestContextBootstrapper : Neither @ContextConfiguration nor @ContextHierarchy found for test class [com.jy.prac.springboot.web.HelloControllerTest], using SpringBootContextLoader
2021-05-29 12:59:01.770  INFO 19068 --- [    Test worker] o.s.t.c.support.AbstractContextLoader    : Could not detect default resource locations for test class [com.jy.prac.springboot.web.HelloControllerTest]: no resource found for suffixes {-context.xml, Context.groovy}.
2021-05-29 12:59:01.770  INFO 19068 --- [    Test worker] t.c.s.AnnotationConfigContextLoaderUtils : Could not detect default configuration classes for test class [com.jy.prac.springboot.web.HelloControllerTest]: HelloControllerTest does not declare any static, non-private, non-final, nested classes annotated with @Configuration.
2021-05-29 12:59:01.806  INFO 19068 --- [    Test worker] .b.t.c.SpringBootTestContextBootstrapper : Found @SpringBootConfiguration com.jy.prac.springboot.Application for test class com.jy.prac.springboot.web.HelloControllerTest
2021-05-29 12:59:01.806  INFO 19068 --- [    Test worker] .b.t.a.w.s.WebMvcTestContextBootstrapper : Loaded default TestExecutionListener class names from location [META-INF/spring.factories]: [org.springframework.security.test.context.support.WithSecurityContextTestExecutionListener, org.springframework.security.test.context.support.ReactorContextTestExecutionListener, org.springframework.boot.test.autoconfigure.restdocs.RestDocsTestExecutionListener, org.springframework.boot.test.autoconfigure.web.client.MockRestServiceServerResetTestExecutionListener, org.springframework.boot.test.autoconfigure.web.servlet.MockMvcPrintOnlyOnFailureTestExecutionListener, org.springframework.boot.test.autoconfigure.web.servlet.WebDriverTestExecutionListener, org.springframework.boot.test.mock.mockito.MockitoTestExecutionListener, org.springframework.boot.test.mock.mockito.ResetMocksTestExecutionListener, org.springframework.test.context.web.ServletTestExecutionListener, org.springframework.test.context.support.DirtiesContextBeforeModesTestExecutionListener, org.springframework.test.context.support.DependencyInjectionTestExecutionListener, org.springframework.test.context.support.DirtiesContextTestExecutionListener, org.springframework.test.context.transaction.TransactionalTestExecutionListener, org.springframework.test.context.jdbc.SqlScriptsTestExecutionListener]
2021-05-29 12:59:01.807  INFO 19068 --- [    Test worker] .b.t.a.w.s.WebMvcTestContextBootstrapper : Using TestExecutionListeners: [org.springframework.test.context.web.ServletTestExecutionListener@71e61f9c, org.springframework.test.context.support.DirtiesContextBeforeModesTestExecutionListener@7bec53c6, org.springframework.boot.test.mock.mockito.MockitoTestExecutionListener@6ad7136b, org.springframework.boot.test.autoconfigure.SpringBootDependencyInjectionTestExecutionListener@2977e38, org.springframework.test.context.support.DirtiesContextTestExecutionListener@43cc9b09, org.springframework.test.context.transaction.TransactionalTestExecutionListener@5a2782d5, org.springframework.test.context.jdbc.SqlScriptsTestExecutionListener@8b99eb1, org.springframework.security.test.context.support.WithSecurityContextTestExecutionListener@31664720, org.springframework.security.test.context.support.ReactorContextTestExecutionListener@165596d6, org.springframework.boot.test.autoconfigure.restdocs.RestDocsTestExecutionListener@70829fe3, org.springframework.boot.test.autoconfigure.web.client.MockRestServiceServerResetTestExecutionListener@340acb54, org.springframework.boot.test.autoconfigure.web.servlet.MockMvcPrintOnlyOnFailureTestExecutionListener@37d6c5b2, org.springframework.boot.test.autoconfigure.web.servlet.WebDriverTestExecutionListener@d0f06b8, org.springframework.boot.test.mock.mockito.ResetMocksTestExecutionListener@6916fd7d]

  .   ____          _            __ _ _
 /\\ / ___'_ __ _ _(_)_ __  __ _ \ \ \ \
( ( )\___ | '_ | '_| | '_ \/ _` | \ \ \ \
 \\/  ___)| |_)| | | | | || (_| |  ) ) ) )
  '  |____| .__|_| |_|_| |_\__, | / / / /
 =========|_|==============|___/=/_/_/_/
 :: Spring Boot ::        (v2.1.9.RELEASE)

2021-05-29 12:59:01.838  INFO 19068 --- [    Test worker] c.j.p.s.web.HelloControllerTest          : Starting HelloControllerTest on DESKTOP-3VD91IT with PID 19068 (started by JY in D:\java\springboot2-webservice)
2021-05-29 12:59:01.839  INFO 19068 --- [    Test worker] c.j.p.s.web.HelloControllerTest          : No active profile set, falling back to default profiles: default
2021-05-29 12:59:02.227  INFO 19068 --- [    Test worker] o.s.s.concurrent.ThreadPoolTaskExecutor  : Initializing ExecutorService 'applicationTaskExecutor'
2021-05-29 12:59:02.251  INFO 19068 --- [    Test worker] o.s.b.a.w.s.WelcomePageHandlerMapping    : Adding welcome page template: index
2021-05-29 12:59:02.411  INFO 19068 --- [    Test worker] .s.s.UserDetailsServiceAutoConfiguration : 

Using generated security password: 0a47b395-731d-46f7-8f0c-a5b2fa524f40

2021-05-29 12:59:02.567  INFO 19068 --- [    Test worker] o.s.s.web.DefaultSecurityFilterChain     : Creating filter chain: any request, [org.springframework.security.web.context.request.async.WebAsyncManagerIntegrationFilter@3f32ae6d, org.springframework.security.web.context.SecurityContextPersistenceFilter@5a2658c5, org.springframework.security.web.header.HeaderWriterFilter@293e7c79, org.springframework.security.web.csrf.CsrfFilter@2f436480, org.springframework.security.web.authentication.logout.LogoutFilter@4f78fe42, org.springframework.security.web.authentication.UsernamePasswordAuthenticationFilter@951c870, org.springframework.security.web.authentication.ui.DefaultLoginPageGeneratingFilter@46b237d9, org.springframework.security.web.authentication.ui.DefaultLogoutPageGeneratingFilter@2a9b8873, org.springframework.security.web.authentication.www.BasicAuthenticationFilter@f06fecf, org.springframework.security.web.savedrequest.RequestCacheAwareFilter@6afbd744, org.springframework.security.web.servletapi.SecurityContextHolderAwareRequestFilter@307cb3d6, org.springframework.security.web.authentication.AnonymousAuthenticationFilter@1253fb69, org.springframework.security.web.session.SessionManagementFilter@1d6d6aba, org.springframework.security.web.access.ExceptionTranslationFilter@10a4193c, org.springframework.security.web.access.intercept.FilterSecurityInterceptor@956828d]
2021-05-29 12:59:02.593  INFO 19068 --- [    Test worker] o.s.b.t.m.w.SpringBootMockServletContext : Initializing Spring TestDispatcherServlet ''
2021-05-29 12:59:02.593  INFO 19068 --- [    Test worker] o.s.t.web.servlet.TestDispatcherServlet  : Initializing Servlet ''
2021-05-29 12:59:02.604  INFO 19068 --- [    Test worker] o.s.t.web.servlet.TestDispatcherServlet  : Completed initialization in 11 ms
2021-05-29 12:59:02.636  INFO 19068 --- [    Test worker] c.j.p.s.web.HelloControllerTest          : Started HelloControllerTest in 0.827 seconds (JVM running for 6.831)
]]></system-out>
  <system-err><![CDATA[]]></system-err>
</testsuite>
