<?xml version="1.0" encoding="UTF-8"?>
<testsuite name="com.jy.prac.springboot.web.IndexControllerTest" tests="1" skipped="0" failures="0" errors="0" timestamp="2021-06-29T16:16:58" hostname="DESKTOP-3VD91IT" time="0.178">
  <properties/>
  <testcase name="메인페이지_로딩()" classname="com.jy.prac.springboot.web.IndexControllerTest" time="0.178"/>
  <system-out><![CDATA[2021-06-30 01:16:56.922  INFO 32132 --- [    Test worker] .b.t.c.SpringBootTestContextBootstrapper : Neither @ContextConfiguration nor @ContextHierarchy found for test class [com.jy.prac.springboot.web.IndexControllerTest], using SpringBootContextLoader
2021-06-30 01:16:56.923  INFO 32132 --- [    Test worker] o.s.t.c.support.AbstractContextLoader    : Could not detect default resource locations for test class [com.jy.prac.springboot.web.IndexControllerTest]: no resource found for suffixes {-context.xml, Context.groovy}.
2021-06-30 01:16:56.924  INFO 32132 --- [    Test worker] t.c.s.AnnotationConfigContextLoaderUtils : Could not detect default configuration classes for test class [com.jy.prac.springboot.web.IndexControllerTest]: IndexControllerTest does not declare any static, non-private, non-final, nested classes annotated with @Configuration.
2021-06-30 01:16:56.932  INFO 32132 --- [    Test worker] .b.t.c.SpringBootTestContextBootstrapper : Found @SpringBootConfiguration com.jy.prac.springboot.Application for test class com.jy.prac.springboot.web.IndexControllerTest
2021-06-30 01:16:56.934  INFO 32132 --- [    Test worker] .b.t.c.SpringBootTestContextBootstrapper : Loaded default TestExecutionListener class names from location [META-INF/spring.factories]: [org.springframework.security.test.context.support.WithSecurityContextTestExecutionListener, org.springframework.security.test.context.support.ReactorContextTestExecutionListener, org.springframework.boot.test.autoconfigure.restdocs.RestDocsTestExecutionListener, org.springframework.boot.test.autoconfigure.web.client.MockRestServiceServerResetTestExecutionListener, org.springframework.boot.test.autoconfigure.web.servlet.MockMvcPrintOnlyOnFailureTestExecutionListener, org.springframework.boot.test.autoconfigure.web.servlet.WebDriverTestExecutionListener, org.springframework.boot.test.autoconfigure.webservices.client.MockWebServiceServerTestExecutionListener, org.springframework.boot.test.mock.mockito.MockitoTestExecutionListener, org.springframework.boot.test.mock.mockito.ResetMocksTestExecutionListener, org.springframework.test.context.web.ServletTestExecutionListener, org.springframework.test.context.support.DirtiesContextBeforeModesTestExecutionListener, org.springframework.test.context.support.DependencyInjectionTestExecutionListener, org.springframework.test.context.support.DirtiesContextTestExecutionListener, org.springframework.test.context.transaction.TransactionalTestExecutionListener, org.springframework.test.context.jdbc.SqlScriptsTestExecutionListener, org.springframework.test.context.event.EventPublishingTestExecutionListener]
2021-06-30 01:16:56.934  INFO 32132 --- [    Test worker] .b.t.c.SpringBootTestContextBootstrapper : Using TestExecutionListeners: [org.springframework.test.context.web.ServletTestExecutionListener@34892a69, org.springframework.test.context.support.DirtiesContextBeforeModesTestExecutionListener@7f666478, org.springframework.boot.test.mock.mockito.MockitoTestExecutionListener@3d144b31, org.springframework.boot.test.autoconfigure.SpringBootDependencyInjectionTestExecutionListener@3db0d60, org.springframework.test.context.support.DirtiesContextTestExecutionListener@7e7ca510, org.springframework.test.context.transaction.TransactionalTestExecutionListener@32f55b03, org.springframework.test.context.jdbc.SqlScriptsTestExecutionListener@2d27d3af, org.springframework.security.test.context.support.WithSecurityContextTestExecutionListener@76cc7b66, org.springframework.test.context.event.EventPublishingTestExecutionListener@6d83148a, org.springframework.security.test.context.support.ReactorContextTestExecutionListener@7536677a, org.springframework.boot.test.autoconfigure.restdocs.RestDocsTestExecutionListener@661f78d8, org.springframework.boot.test.autoconfigure.web.client.MockRestServiceServerResetTestExecutionListener@739d3836, org.springframework.boot.test.autoconfigure.web.servlet.MockMvcPrintOnlyOnFailureTestExecutionListener@64f558b, org.springframework.boot.test.autoconfigure.web.servlet.WebDriverTestExecutionListener@4084ff8f, org.springframework.boot.test.autoconfigure.webservices.client.MockWebServiceServerTestExecutionListener@5d4096ff, org.springframework.boot.test.mock.mockito.ResetMocksTestExecutionListener@478649e9]

  .   ____          _            __ _ _
 /\\ / ___'_ __ _ _(_)_ __  __ _ \ \ \ \
( ( )\___ | '_ | '_| | '_ \/ _` | \ \ \ \
 \\/  ___)| |_)| | | | | || (_| |  ) ) ) )
  '  |____| .__|_| |_|_| |_\__, | / / / /
 =========|_|==============|___/=/_/_/_/
 :: Spring Boot ::                (v2.4.1)

2021-06-30 01:16:56.961  INFO 32132 --- [    Test worker] c.j.p.s.web.IndexControllerTest          : Starting IndexControllerTest using Java 1.8.0_281 on DESKTOP-3VD91IT with PID 32132 (started by JY in D:\java\springboot2-webservice)
2021-06-30 01:16:56.962  INFO 32132 --- [    Test worker] c.j.p.s.web.IndexControllerTest          : No active profile set, falling back to default profiles: default
2021-06-30 01:16:57.137  INFO 32132 --- [    Test worker] .s.d.r.c.RepositoryConfigurationDelegate : Bootstrapping Spring Data JPA repositories in DEFAULT mode.
2021-06-30 01:16:57.151  INFO 32132 --- [    Test worker] .s.d.r.c.RepositoryConfigurationDelegate : Finished Spring Data repository scanning in 12 ms. Found 2 JPA repository interfaces.
2021-06-30 01:16:57.399  INFO 32132 --- [    Test worker] o.s.b.w.embedded.tomcat.TomcatWebServer  : Tomcat initialized with port(s): 0 (http)
2021-06-30 01:16:57.410  INFO 32132 --- [    Test worker] o.apache.catalina.core.StandardService   : Starting service [Tomcat]
2021-06-30 01:16:57.411  INFO 32132 --- [    Test worker] org.apache.catalina.core.StandardEngine  : Starting Servlet engine: [Apache Tomcat/9.0.41]
2021-06-30 01:16:57.516  INFO 32132 --- [    Test worker] o.a.c.c.C.[Tomcat].[localhost].[/]       : Initializing Spring embedded WebApplicationContext
2021-06-30 01:16:57.516  INFO 32132 --- [    Test worker] w.s.c.ServletWebServerApplicationContext : Root WebApplicationContext: initialization completed in 552 ms
2021-06-30 01:16:57.635  INFO 32132 --- [    Test worker] com.zaxxer.hikari.HikariDataSource       : HikariPool-2 - Starting...
2021-06-30 01:16:57.636  INFO 32132 --- [    Test worker] com.zaxxer.hikari.HikariDataSource       : HikariPool-2 - Start completed.
2021-06-30 01:16:57.688  INFO 32132 --- [    Test worker] o.hibernate.jpa.internal.util.LogHelper  : HHH000204: Processing PersistenceUnitInfo [name: default]
2021-06-30 01:16:57.694  INFO 32132 --- [    Test worker] org.hibernate.dialect.Dialect            : HHH000400: Using dialect: org.hibernate.dialect.MySQL57Dialect
Hibernate: drop table if exists hibernate_sequence
Hibernate: drop table if exists posts
Hibernate: drop table if exists user
Hibernate: create table hibernate_sequence (next_val bigint) engine=InnoDB
Hibernate: insert into hibernate_sequence values ( 1 )
Hibernate: create table posts (id bigint not null, created_date datetime(6), modified_date datetime(6), author varchar(255), content TEXT not null, title varchar(255), primary key (id)) engine=InnoDB
Hibernate: create table user (id bigint not null auto_increment, created_date datetime(6), modified_date datetime(6), email varchar(255) not null, name varchar(255) not null, picture varchar(255), role varchar(255) not null, primary key (id)) engine=InnoDB
2021-06-30 01:16:57.743  INFO 32132 --- [    Test worker] o.h.e.t.j.p.i.JtaPlatformInitiator       : HHH000490: Using JtaPlatform implementation: [org.hibernate.engine.transaction.jta.platform.internal.NoJtaPlatform]
2021-06-30 01:16:57.743  INFO 32132 --- [    Test worker] j.LocalContainerEntityManagerFactoryBean : Initialized JPA EntityManagerFactory for persistence unit 'default'
2021-06-30 01:16:57.942  WARN 32132 --- [    Test worker] JpaBaseConfiguration$JpaWebConfiguration : spring.jpa.open-in-view is enabled by default. Therefore, database queries may be performed during view rendering. Explicitly configure spring.jpa.open-in-view to disable this warning
2021-06-30 01:16:58.112  INFO 32132 --- [    Test worker] o.s.s.web.DefaultSecurityFilterChain     : Will secure any request with [org.springframework.security.web.context.request.async.WebAsyncManagerIntegrationFilter@6c6c0654, org.springframework.security.web.context.SecurityContextPersistenceFilter@7fd9c87f, org.springframework.security.web.header.HeaderWriterFilter@3eceae3f, org.springframework.security.web.authentication.logout.LogoutFilter@2ab0f4ef, org.springframework.security.oauth2.client.web.OAuth2AuthorizationRequestRedirectFilter@6d25df1d, org.springframework.security.oauth2.client.web.OAuth2LoginAuthenticationFilter@d6ccef7, org.springframework.security.web.authentication.ui.DefaultLoginPageGeneratingFilter@231aa1d1, org.springframework.security.web.authentication.ui.DefaultLogoutPageGeneratingFilter@494b72b8, org.springframework.security.web.savedrequest.RequestCacheAwareFilter@73397004, org.springframework.security.web.servletapi.SecurityContextHolderAwareRequestFilter@384d870a, org.springframework.security.web.authentication.AnonymousAuthenticationFilter@ad591bb, org.springframework.security.web.session.SessionManagementFilter@17e195bf, org.springframework.security.web.access.ExceptionTranslationFilter@3c76035b, org.springframework.security.web.access.intercept.FilterSecurityInterceptor@505ebb8a]
2021-06-30 01:16:58.201  INFO 32132 --- [    Test worker] o.s.s.concurrent.ThreadPoolTaskExecutor  : Initializing ExecutorService 'applicationTaskExecutor'
2021-06-30 01:16:58.244  INFO 32132 --- [    Test worker] o.s.b.a.w.s.WelcomePageHandlerMapping    : Adding welcome page template: index
2021-06-30 01:16:58.436  INFO 32132 --- [    Test worker] o.s.b.w.embedded.tomcat.TomcatWebServer  : Tomcat started on port(s): 12623 (http) with context path ''
2021-06-30 01:16:58.440  INFO 32132 --- [    Test worker] s.a.ScheduledAnnotationBeanPostProcessor : No TaskScheduler/ScheduledExecutorService bean found for scheduled processing
2021-06-30 01:16:58.440  INFO 32132 --- [    Test worker] c.j.p.s.web.IndexControllerTest          : Started IndexControllerTest in 1.504 seconds (JVM running for 8.583)
2021-06-30 01:16:58.531  INFO 32132 --- [o-auto-1-exec-1] o.a.c.c.C.[Tomcat].[localhost].[/]       : Initializing Spring DispatcherServlet 'dispatcherServlet'
2021-06-30 01:16:58.531  INFO 32132 --- [o-auto-1-exec-1] o.s.web.servlet.DispatcherServlet        : Initializing Servlet 'dispatcherServlet'
2021-06-30 01:16:58.532  INFO 32132 --- [o-auto-1-exec-1] o.s.web.servlet.DispatcherServlet        : Completed initialization in 0 ms
Hibernate: select posts0_.id as id1_0_, posts0_.created_date as created_2_0_, posts0_.modified_date as modified3_0_, posts0_.author as author4_0_, posts0_.content as content5_0_, posts0_.title as title6_0_ from posts posts0_ order by posts0_.id desc
]]></system-out>
  <system-err><![CDATA[]]></system-err>
</testsuite>
