<?xml version="1.0" encoding="UTF-8"?>
<testsuite name="com.jy.prac.springboot.web.IndexControllerTest" tests="1" skipped="0" failures="0" errors="0" timestamp="2021-05-29T03:59:04" hostname="DESKTOP-3VD91IT" time="0.15">
  <properties/>
  <testcase name="메인페이지_로딩" classname="com.jy.prac.springboot.web.IndexControllerTest" time="0.15"/>
  <system-out><![CDATA[2021-05-29 12:59:02.760  INFO 19068 --- [    Test worker] .b.t.c.SpringBootTestContextBootstrapper : Neither @ContextConfiguration nor @ContextHierarchy found for test class [com.jy.prac.springboot.web.IndexControllerTest], using SpringBootContextLoader
2021-05-29 12:59:02.761  INFO 19068 --- [    Test worker] o.s.t.c.support.AbstractContextLoader    : Could not detect default resource locations for test class [com.jy.prac.springboot.web.IndexControllerTest]: no resource found for suffixes {-context.xml, Context.groovy}.
2021-05-29 12:59:02.761  INFO 19068 --- [    Test worker] t.c.s.AnnotationConfigContextLoaderUtils : Could not detect default configuration classes for test class [com.jy.prac.springboot.web.IndexControllerTest]: IndexControllerTest does not declare any static, non-private, non-final, nested classes annotated with @Configuration.
2021-05-29 12:59:02.763  INFO 19068 --- [    Test worker] .b.t.c.SpringBootTestContextBootstrapper : Found @SpringBootConfiguration com.jy.prac.springboot.Application for test class com.jy.prac.springboot.web.IndexControllerTest
2021-05-29 12:59:02.764  INFO 19068 --- [    Test worker] .b.t.c.SpringBootTestContextBootstrapper : Loaded default TestExecutionListener class names from location [META-INF/spring.factories]: [org.springframework.security.test.context.support.WithSecurityContextTestExecutionListener, org.springframework.security.test.context.support.ReactorContextTestExecutionListener, org.springframework.boot.test.autoconfigure.restdocs.RestDocsTestExecutionListener, org.springframework.boot.test.autoconfigure.web.client.MockRestServiceServerResetTestExecutionListener, org.springframework.boot.test.autoconfigure.web.servlet.MockMvcPrintOnlyOnFailureTestExecutionListener, org.springframework.boot.test.autoconfigure.web.servlet.WebDriverTestExecutionListener, org.springframework.boot.test.mock.mockito.MockitoTestExecutionListener, org.springframework.boot.test.mock.mockito.ResetMocksTestExecutionListener, org.springframework.test.context.web.ServletTestExecutionListener, org.springframework.test.context.support.DirtiesContextBeforeModesTestExecutionListener, org.springframework.test.context.support.DependencyInjectionTestExecutionListener, org.springframework.test.context.support.DirtiesContextTestExecutionListener, org.springframework.test.context.transaction.TransactionalTestExecutionListener, org.springframework.test.context.jdbc.SqlScriptsTestExecutionListener]
2021-05-29 12:59:02.766  INFO 19068 --- [    Test worker] .b.t.c.SpringBootTestContextBootstrapper : Using TestExecutionListeners: [org.springframework.test.context.web.ServletTestExecutionListener@177091e2, org.springframework.test.context.support.DirtiesContextBeforeModesTestExecutionListener@8291602, org.springframework.boot.test.mock.mockito.MockitoTestExecutionListener@de58e9d, org.springframework.boot.test.autoconfigure.SpringBootDependencyInjectionTestExecutionListener@61537bc4, org.springframework.test.context.support.DirtiesContextTestExecutionListener@72bf098d, org.springframework.test.context.transaction.TransactionalTestExecutionListener@32e698de, org.springframework.test.context.jdbc.SqlScriptsTestExecutionListener@13567979, org.springframework.security.test.context.support.WithSecurityContextTestExecutionListener@6921bd8c, org.springframework.security.test.context.support.ReactorContextTestExecutionListener@63582244, org.springframework.boot.test.autoconfigure.restdocs.RestDocsTestExecutionListener@65fe7699, org.springframework.boot.test.autoconfigure.web.client.MockRestServiceServerResetTestExecutionListener@454356ee, org.springframework.boot.test.autoconfigure.web.servlet.MockMvcPrintOnlyOnFailureTestExecutionListener@21ea4e17, org.springframework.boot.test.autoconfigure.web.servlet.WebDriverTestExecutionListener@382026c, org.springframework.boot.test.mock.mockito.ResetMocksTestExecutionListener@155ef63b]

  .   ____          _            __ _ _
 /\\ / ___'_ __ _ _(_)_ __  __ _ \ \ \ \
( ( )\___ | '_ | '_| | '_ \/ _` | \ \ \ \
 \\/  ___)| |_)| | | | | || (_| |  ) ) ) )
  '  |____| .__|_| |_|_| |_\__, | / / / /
 =========|_|==============|___/=/_/_/_/
 :: Spring Boot ::        (v2.1.9.RELEASE)

2021-05-29 12:59:02.797  INFO 19068 --- [    Test worker] c.j.p.s.web.IndexControllerTest          : Starting IndexControllerTest on DESKTOP-3VD91IT with PID 19068 (started by JY in D:\java\springboot2-webservice)
2021-05-29 12:59:02.797  INFO 19068 --- [    Test worker] c.j.p.s.web.IndexControllerTest          : No active profile set, falling back to default profiles: default
2021-05-29 12:59:02.948  INFO 19068 --- [    Test worker] .s.d.r.c.RepositoryConfigurationDelegate : Bootstrapping Spring Data repositories in DEFAULT mode.
2021-05-29 12:59:02.960  INFO 19068 --- [    Test worker] .s.d.r.c.RepositoryConfigurationDelegate : Finished Spring Data repository scanning in 12ms. Found 2 repository interfaces.
2021-05-29 12:59:03.031  INFO 19068 --- [    Test worker] trationDelegate$BeanPostProcessorChecker : Bean 'org.springframework.transaction.annotation.ProxyTransactionManagementConfiguration' of type [org.springframework.transaction.annotation.ProxyTransactionManagementConfiguration$$EnhancerBySpringCGLIB$$de68c4b3] is not eligible for getting processed by all BeanPostProcessors (for example: not eligible for auto-proxying)
2021-05-29 12:59:03.214  INFO 19068 --- [    Test worker] o.s.b.w.embedded.tomcat.TomcatWebServer  : Tomcat initialized with port(s): 0 (http)
2021-05-29 12:59:03.235  INFO 19068 --- [    Test worker] o.apache.catalina.core.StandardService   : Starting service [Tomcat]
2021-05-29 12:59:03.235  INFO 19068 --- [    Test worker] org.apache.catalina.core.StandardEngine  : Starting Servlet engine: [Apache Tomcat/9.0.26]
2021-05-29 12:59:03.360  INFO 19068 --- [    Test worker] o.a.c.c.C.[Tomcat].[localhost].[/]       : Initializing Spring embedded WebApplicationContext
2021-05-29 12:59:03.360  INFO 19068 --- [    Test worker] o.s.web.context.ContextLoader            : Root WebApplicationContext: initialization completed in 560 ms
2021-05-29 12:59:03.508  INFO 19068 --- [    Test worker] com.zaxxer.hikari.HikariDataSource       : HikariPool-2 - Starting...
2021-05-29 12:59:03.509  INFO 19068 --- [    Test worker] com.zaxxer.hikari.HikariDataSource       : HikariPool-2 - Start completed.
2021-05-29 12:59:03.538  INFO 19068 --- [    Test worker] o.hibernate.jpa.internal.util.LogHelper  : HHH000204: Processing PersistenceUnitInfo [
	name: default
	...]
2021-05-29 12:59:03.546  INFO 19068 --- [    Test worker] org.hibernate.dialect.Dialect            : HHH000400: Using dialect: org.hibernate.dialect.MySQL5InnoDBDialect
Hibernate: drop table if exists hibernate_sequence
Hibernate: drop table if exists posts
Hibernate: drop table if exists user
Hibernate: create table hibernate_sequence (next_val bigint) engine=InnoDB
Hibernate: insert into hibernate_sequence values ( 1 )
Hibernate: create table posts (id bigint not null, created_date datetime, modified_date datetime, author varchar(255), content TEXT not null, title varchar(255), primary key (id)) engine=InnoDB
Hibernate: create table user (id bigint not null auto_increment, created_date datetime, modified_date datetime, email varchar(255) not null, name varchar(255) not null, picture varchar(255), role varchar(255) not null, primary key (id)) engine=InnoDB
2021-05-29 12:59:03.589  INFO 19068 --- [    Test worker] o.h.t.schema.internal.SchemaCreatorImpl  : HHH000476: Executing import script 'org.hibernate.tool.schema.internal.exec.ScriptSourceInputNonExistentImpl@78daf651'
2021-05-29 12:59:03.589  INFO 19068 --- [    Test worker] j.LocalContainerEntityManagerFactoryBean : Initialized JPA EntityManagerFactory for persistence unit 'default'
2021-05-29 12:59:03.829  INFO 19068 --- [    Test worker] o.h.h.i.QueryTranslatorFactoryInitiator  : HHH000397: Using ASTQueryTranslatorFactory
2021-05-29 12:59:03.950  INFO 19068 --- [    Test worker] o.s.s.web.DefaultSecurityFilterChain     : Creating filter chain: any request, [org.springframework.security.web.context.request.async.WebAsyncManagerIntegrationFilter@12a3807c, org.springframework.security.web.context.SecurityContextPersistenceFilter@79b4aeae, org.springframework.security.web.header.HeaderWriterFilter@73e2754f, org.springframework.security.web.authentication.logout.LogoutFilter@2d753d3b, org.springframework.security.oauth2.client.web.OAuth2AuthorizationRequestRedirectFilter@161f24a0, org.springframework.security.oauth2.client.web.OAuth2LoginAuthenticationFilter@330ed7e9, org.springframework.security.web.authentication.ui.DefaultLoginPageGeneratingFilter@71683c66, org.springframework.security.web.authentication.ui.DefaultLogoutPageGeneratingFilter@3ba7cc3d, org.springframework.security.web.savedrequest.RequestCacheAwareFilter@d2fa336, org.springframework.security.web.servletapi.SecurityContextHolderAwareRequestFilter@6d87e7d1, org.springframework.security.web.authentication.AnonymousAuthenticationFilter@54f2d5cd, org.springframework.security.web.session.SessionManagementFilter@49daa532, org.springframework.security.web.access.ExceptionTranslationFilter@5b45f543, org.springframework.security.web.access.intercept.FilterSecurityInterceptor@1fb6d376]
2021-05-29 12:59:04.080  INFO 19068 --- [    Test worker] o.s.s.concurrent.ThreadPoolTaskExecutor  : Initializing ExecutorService 'applicationTaskExecutor'
2021-05-29 12:59:04.089  WARN 19068 --- [    Test worker] aWebConfiguration$JpaWebMvcConfiguration : spring.jpa.open-in-view is enabled by default. Therefore, database queries may be performed during view rendering. Explicitly configure spring.jpa.open-in-view to disable this warning
2021-05-29 12:59:04.108  INFO 19068 --- [    Test worker] o.s.b.a.w.s.WelcomePageHandlerMapping    : Adding welcome page template: index
2021-05-29 12:59:04.292  INFO 19068 --- [    Test worker] s.a.ScheduledAnnotationBeanPostProcessor : No TaskScheduler/ScheduledExecutorService bean found for scheduled processing
2021-05-29 12:59:04.307  INFO 19068 --- [    Test worker] o.s.b.w.embedded.tomcat.TomcatWebServer  : Tomcat started on port(s): 14612 (http) with context path ''
2021-05-29 12:59:04.307  INFO 19068 --- [    Test worker] c.j.p.s.web.IndexControllerTest          : Started IndexControllerTest in 1.538 seconds (JVM running for 8.501)
2021-05-29 12:59:04.381  INFO 19068 --- [o-auto-1-exec-1] o.a.c.c.C.[Tomcat].[localhost].[/]       : Initializing Spring DispatcherServlet 'dispatcherServlet'
2021-05-29 12:59:04.381  INFO 19068 --- [o-auto-1-exec-1] o.s.web.servlet.DispatcherServlet        : Initializing Servlet 'dispatcherServlet'
2021-05-29 12:59:04.402  INFO 19068 --- [o-auto-1-exec-1] o.s.web.servlet.DispatcherServlet        : Completed initialization in 21 ms
Hibernate: select posts0_.id as id1_0_, posts0_.created_date as created_2_0_, posts0_.modified_date as modified3_0_, posts0_.author as author4_0_, posts0_.content as content5_0_, posts0_.title as title6_0_ from posts posts0_ order by posts0_.id desc
]]></system-out>
  <system-err><![CDATA[]]></system-err>
</testsuite>
